53743240
102541611
73918201
10226225
55694103
28103284
762756
36513444
11512238
30901221
635974
13573791
60980021
5481269
57725978
43149101
80874407
10402621
603912
47628850
53754301
1715279
56956918
13664535
81627349
9101261
12193233
10060171
2363719
64780199
36043913
68416543
23903186
20346778
64024897
31269085
46168937
94944648
28397800
8876436
7234073
6967057
38663356
18396673
27934369
25480139
20299784
23377450
15124767
3717441
31615567
815995
2282281
33871707
59514216
60171587
39680081
3048085
40542211
32019104
22103772
94131618
7237477
8272116
18527041
94107196
56447161
37216874
51725155
59408660
38859029
16360121
9505055
85169848
87454126
5740345
49700918
10006066
65865052
5829549
6397245
