95748181
87719551
21974907
50159093
110795371
27857215
61154809
165250597
78005801
114669864
56076967
60035935
55524449
82580490
4244267
9089521
35780669
36685041
3310552
140195869
50599081
118320701
54058293
96180709
1468108
14894682
71109478
13843943
143019475
55117180
99692126
54720381
43355449
22552494
88347521
951376
19966637
454389
91966964
55519369
5756227
7079809
106554663
72521380
10018117
9215073
56368033
114762228
24524610
13542729
8985089
3616412
68696431
89944497
129191386
4172205
43302673
166026651
91809478
56788759
71004571
51727498
6231135
92856191
160650065
131285473
92241469
8221294
78348931
121899765
135624138
949996
160650065
4413836
66853237
83401066
115506175
75521021
89560921
24041568
152418817
19600015
230432329
3861070
35489404
17738876
76101941
92612185
