7274932
49612563
2039623
43633981
29903101
969001
33233981
20907613
25669495
12936171
56957566
13255551
18137113
12433251
85486921
25991692
10306381
58263679
87758438
20261506
18764773
23385103
14508005
40874737
64571031
1210311
317109
10787120
6919732
62594317
31161101
36890300
6731723
24922651
18613208
31344769
34002211
10891118
25682770
42557617
16522286
38593300
59446657
24264861
27450625
6267001
4109330
4549161
87834887
49089769
10403361
59692226
2308177
78307951
7080088
17603857
46443376
51619391
2649127
1124287
20261506
79396461
20638796
46400553
66242398
14863375
26319241
32380329
47266231
21309562
35244994
16634806
15045681
6886731
65877449
4817721
57742312
84198556
2533391
2202283
18799751
1124287
9307351
