21323485
154931274
55682875
59465985
41945221
86162389
126034236
42131027
109217377
63152021
73910697
29499461
99770354
1200737
58713205
82320454
3234676
96069637
76149613
103273067
100099429
27219161
78043521
58717206
92097367
130303361
150128161
38754089
101602766
42566777
105631741
59631976
38507038
62041599
63094518
153420796
100339519
840217
56561051
15363478
68359901
67874599
10890041
94847586
102723756
13985916
12169477
12292156
67756226
79432176
7976727
111843953
93006529
124904398
5962474
132813281
89800111
7813795
95602706
116586091
68416085
45150223
94912576
82364599
19747475
65663261
68640580
15189756
113990626
122090578
130802117
8349082
67455271
22299634
5430532
27510316
19456858
64727173
13640817
57774861
59207865
39597013
17557378
2457836
50387519
88195321
104735533
140817662
98275551
58264563
25049961
