7491961
1090984
6445576
9213331
43756879
52714231
21213039
92666817
20561542
75122119
16124131
135133651
32965817
29075362
58755022
26769310
37943145
1120351
116876514
96579055
37473671
468417
8002977
68718862
23942062
122815999
11799887
5577001
46751315
78285178
112146875
14374662
26100251
21377973
69349533
20308721
11460418
28981220
64245409
6989809
37795949
46524653
16054858
9911126
6804883
4018604
4962781
6762406
2600563
74207521
98255641
4214017
42393771
25402018
59668093
80874546
437853
2269381
37123864
95627156
59925657
18295576
33151413
28608733
79532461
77981966
29075362
23839531
34500737
8556679
48088405
2578255
46769529
2897609
903211
42268630
10071455
58167101
20308721
31995751
70339905
4529296
83583965
22807989
27973610
39692485
29455559
55861919
28049989
12745937
