10250401
4854529
44708977
38224009
13290465
22840619
58968621
38336798
57784101
13972507
11993409
3677569
19592432
8210971
13167419
32707897
535641
3885649
16127168
39910201
13555473
41942114
55125101
38442413
2495425
16818497
42297250
9961669
16147892
52463966
23170663
29621593
7900273
3304033
1840089
33136234
8996961
3577351
596521
32357932
2760825
36586439
825601
576478
44402821
19294073
55734175
23766721
29839746
19771753
23333977
10688626
10126628
21925687
12900551
8063667
54877321
6591611
27389392
62467245
34875001
16492654
3066589
2575201
26569320
45561309
6184066
40122681
23065091
5064709
68144212
30674717
35038081
12692601
38767617
9834574
26058187
38237882
78339274
39354286
1712946
15369218
17787934
30210191
28287915
824183
47100681
24141971
22661024
1038322
51709471
7223293
15057401
19908046
645571
29411930
