11104561
13015653
5425261
10697805
6185525
21512937
5103855
10718531
18089141
16877516
12456808
1066241
41547205
1070641
5293007
554485
21939553
9362881
9090631
41547205
7546946
4730751
7323447
32496517
5746580
37461061
18134254
329086
2849869
4942756
12908782
4663800
2295943
971356
9036425
4154154
6154557
11104561
23649462
18324258
21299047
20254039
20108579
2849869
5467448
44498379
24975497
47654006
4730751
1669581
41161759
2502501
85906
11104561
556369
34578253
17786224
1912081
4704501
2502501
29137993
1117893
23792221
4154154
1117893
6185525
3329558
1250939
8199200
9383276
8751025
41912681
331521
20108579
2485159
37089334
37597321
15423217
30601639
6897448
4154154
2434046
