12219946
45506707
11611032
4844185
42543327
2697652
25165569
36935601
7841101
7364897
610371
11045126
44131876
12211345
22853044
4518269
738946
18029413
50158361
2429960
56308673
45853280
32516413
6336122
24771657
31926034
14658271
6680804
3554738
685803
18347141
7815031
12598027
6391711
5580817
430389
73140831
18044716
1182720
1393126
1646389
24136542
4518269
36935601
3777487
48055609
15203740
9363572
7633976
23580249
10436284
37508101
38379545
1714970
26598646
6825295
35742678
9974881
25190591
25095585
25729283
5139121
1865337
6695893
677121
8436311
8802049
20531329
4348417
15917068
468053
3733953
18890791
5889001
2429960
19943425
29709937
1347526
18016829
50158361
46391681
1703693
3122065
18533417
24597721
21952720
7757153
11774215
22255538
2148931
