4258433
75765
28618266
3881437
5340016
11568916
5420871
851761
4233286
6581739
21150361
4085084
133165
4463251
490469
2322081
13373144
20591413
9685501
1722733
4477201
6485089
7198940
14212693
17070670
20816923
5143776
4020133
3234817
10618444
7911747
7288129
10293
19421338
527511
17357533
287491
3822637
6320812
6485089
3969036
6380518
3406240
12648472
7743163
235061
10480305
902785
102877
20985771
10216375
3339798
3630593
3949345
3535351
4906789
10731187
1258460
19709551
17512976
2327155
11068689
7470977
9685501
1153089
11108164
749736
2077054
3550532
17070670
1417277
5677921
10731187
10839349
1292032
18506993
3500989
2971476
427057
14560001
9174961
8626549
32915233
20602317
2440807
6667389
18616833
221631
2586141
8109004
2077054
808007
1111089
