315121
7869383
26604821
5350411
33145035
8547229
7349364
5877573
3339547
12663769
4863409
31298106
2208361
7251161
29466865
7260661
4716529
76717065
19346251
21853693
2325652
23660748
40688407
19764613
2327216
8946589
58863483
2128237
33481265
21278698
7948585
1891198
7508398
17735446
1443597
28023823
7499416
31283985
3229425
5608451
2776057
11905301
2776057
11570446
11600424
1984001
315121
10259881
686773
4670599
17035382
40788433
315121
20379997
304129
16124581
56570683
42564838
9083866
67891
4670599
35261972
9606806
750351
35261972
45608601
849164
24481777
1759297
7649606
12561291
33481265
2026057
31298106
6239741
10152785
1326847
27806288
17495108
8545601
22339177
